INFO:     Will watch for changes in these directories: ['C:\\Users\\User\\Desktop\\universal\\paineluniversal\\backend']
INFO:     Uvicorn running on http://127.0.0.1:8000 (Press CTRL+C to quit)
INFO:     Started reloader process [38432] using StatReload
Process SpawnProcess-1:
Traceback (most recent call last):
  File "C:\Program Files\WindowsApps\PythonSoftwareFoundation.Python.3.10_3.10.3056.0_x64__qbz5n2kfra8p0\lib\multiprocessing\process.py", line 314, in _bootstrap
    self.run()
  File "C:\Program Files\WindowsApps\PythonSoftwareFoundation.Python.3.10_3.10.3056.0_x64__qbz5n2kfra8p0\lib\multiprocessing\process.py", line 108, in run
    self._target(*self._args, **self._kwargs)
  File "C:\Users\User\Desktop\universal\paineluniversal\.venv\lib\site-packages\uvicorn\_subprocess.py", line 80, in subprocess_started
    target(sockets=sockets)
  File "C:\Users\User\Desktop\universal\paineluniversal\.venv\lib\site-packages\uvicorn\server.py", line 67, in run
    return asyncio.run(self.serve(sockets=sockets))
  File "C:\Program Files\WindowsApps\PythonSoftwareFoundation.Python.3.10_3.10.3056.0_x64__qbz5n2kfra8p0\lib\asyncio\runners.py", line 44, in run
    return loop.run_until_complete(main)
  File "C:\Program Files\WindowsApps\PythonSoftwareFoundation.Python.3.10_3.10.3056.0_x64__qbz5n2kfra8p0\lib\asyncio\base_events.py", line 649, in run_until_complete
    return future.result()
  File "C:\Users\User\Desktop\universal\paineluniversal\.venv\lib\site-packages\uvicorn\server.py", line 71, in serve
    await self._serve(sockets)
  File "C:\Users\User\Desktop\universal\paineluniversal\.venv\lib\site-packages\uvicorn\server.py", line 78, in _serve
    config.load()
  File "C:\Users\User\Desktop\universal\paineluniversal\.venv\lib\site-packages\uvicorn\config.py", line 436, in load
    self.loaded_app = import_from_string(self.app)
  File "C:\Users\User\Desktop\universal\paineluniversal\.venv\lib\site-packages\uvicorn\importer.py", line 19, in import_from_string
    module = importlib.import_module(module_str)
  File "C:\Program Files\WindowsApps\PythonSoftwareFoundation.Python.3.10_3.10.3056.0_x64__qbz5n2kfra8p0\lib\importlib\__init__.py", line 126, in import_module
    return _bootstrap._gcd_import(name[level:], package, level)
  File "<frozen importlib._bootstrap>", line 1050, in _gcd_import
  File "<frozen importlib._bootstrap>", line 1027, in _find_and_load
  File "<frozen importlib._bootstrap>", line 1006, in _find_and_load_unlocked
  File "<frozen importlib._bootstrap>", line 688, in _load_unlocked
  File "<frozen importlib._bootstrap_external>", line 883, in exec_module
  File "<frozen importlib._bootstrap>", line 241, in _call_with_frames_removed
  File "C:\Users\User\Desktop\universal\paineluniversal\backend\app\main.py", line 9, in <module>
    from .routers import auth, eventos, usuarios, empresas, listas, transacoes, checkins, dashboard, relatorios, whatsapp, cupons, n8n, pdv, financeiro, gamificacao
  File "C:\Users\User\Desktop\universal\paineluniversal\backend\app\routers\eventos.py", line 73
    elif empresa_id:
    ^^^^
SyntaxError: invalid syntax
WARNING:  StatReload detected changes in 'app\routers\eventos.py'. Reloading...
 Process SpawnProcess-2:
Traceback (most recent call last):
  File "C:\Program Files\WindowsApps\PythonSoftwareFoundation.Python.3.10_3.10.3056.0_x64__qbz5n2kfra8p0\lib\multiprocessing\process.py", line 314, in _bootstrap
    self.run()
  File "C:\Program Files\WindowsApps\PythonSoftwareFoundation.Python.3.10_3.10.3056.0_x64__qbz5n2kfra8p0\lib\multiprocessing\process.py", line 108, in run
    self._target(*self._args, **self._kwargs)
  File "C:\Users\User\Desktop\universal\paineluniversal\.venv\lib\site-packages\uvicorn\_subprocess.py", line 80, in subprocess_started
    target(sockets=sockets)
  File "C:\Users\User\Desktop\universal\paineluniversal\.venv\lib\site-packages\uvicorn\server.py", line 67, in run
    return asyncio.run(self.serve(sockets=sockets))
  File "C:\Program Files\WindowsApps\PythonSoftwareFoundation.Python.3.10_3.10.3056.0_x64__qbz5n2kfra8p0\lib\asyncio\runners.py", line 44, in run
    return loop.run_until_complete(main)
  File "C:\Program Files\WindowsApps\PythonSoftwareFoundation.Python.3.10_3.10.3056.0_x64__qbz5n2kfra8p0\lib\asyncio\base_events.py", line 649, in run_until_complete
    return future.result()
  File "C:\Users\User\Desktop\universal\paineluniversal\.venv\lib\site-packages\uvicorn\server.py", line 71, in serve
    await self._serve(sockets)
  File "C:\Users\User\Desktop\universal\paineluniversal\.venv\lib\site-packages\uvicorn\server.py", line 78, in _serve
    config.load()
  File "C:\Users\User\Desktop\universal\paineluniversal\.venv\lib\site-packages\uvicorn\config.py", line 436, in load
    self.loaded_app = import_from_string(self.app)
  File "C:\Users\User\Desktop\universal\paineluniversal\.venv\lib\site-packages\uvicorn\importer.py", line 19, in import_from_string
    module = importlib.import_module(module_str)
  File "C:\Program Files\WindowsApps\PythonSoftwareFoundation.Python.3.10_3.10.3056.0_x64__qbz5n2kfra8p0\lib\importlib\__init__.py", line 126, in import_module
    return _bootstrap._gcd_import(name[level:], package, level)
  File "<frozen importlib._bootstrap>", line 1050, in _gcd_import
  File "<frozen importlib._bootstrap>", line 1027, in _find_and_load
  File "<frozen importlib._bootstrap>", line 1006, in _find_and_load_unlocked
  File "<frozen importlib._bootstrap>", line 688, in _load_unlocked
  File "<frozen importlib._bootstrap_external>", line 883, in exec_module
  File "<frozen importlib._bootstrap>", line 241, in _call_with_frames_removed
  File "C:\Users\User\Desktop\universal\paineluniversal\backend\app\main.py", line 9, in <module>
    from .routers import auth, eventos, usuarios, empresas, listas, transacoes, checkins, dashboard, relatorios, whatsapp, cupons, n8n, pdv, financeiro, gamificacao
  File "C:\Users\User\Desktop\universal\paineluniversal\backend\app\routers\dashboard.py", line 113
    if evento_id:
    ^^
IndentationError: expected an indented block after 'if' statement on line 110
WARNING:  StatReload detected changes in 'app\routers\dashboard.py'. Reloading...
 INFO:     Started server process [7792]
INFO:     Waiting for application startup.
INFO:     Application startup complete.
WARNING:  StatReload detected changes in 'remove_empresa_id_column.py'. Reloading...
 INFO:     127.0.0.1:62347 - "GET / HTTP/1.1" 200 OK
INFO:     127.0.0.1:63091 - "WebSocket /api/checkin/ws/1" [accepted]
INFO:     connection open
INFO:     connection closed
